{
  "RSpec": {
    "coverage": {
      "/Users/antoniodaria/projects/tech-test/CSV_uploader/book_explorer/app/models/user.rb": [
        1,
        null,
        null,
        1,
        null,
        null
      ],
      "/Users/antoniodaria/projects/tech-test/CSV_uploader/book_explorer/app/models/application_record.rb": [
        1,
        1,
        null
      ],
      "/Users/antoniodaria/projects/tech-test/CSV_uploader/book_explorer/app/helpers/application_helper.rb": [
        1,
        null
      ],
      "/Users/antoniodaria/projects/tech-test/CSV_uploader/book_explorer/app/helpers/home_helper.rb": [
        1,
        null
      ]
    },
    "timestamp": 1543503218
  }
}
